This is pdfTeX, Version 3.14159265-2.6-1.40.16 (TeX Live 2015/Debian) (preloaded format=pdflatex 2018.7.20)  5 OCT 2018 21:18
entering extended mode
 restricted \write18 enabled.
 %&-line parsing enabled.
**report.tex
(./report.tex
LaTeX2e <2016/02/01>
Babel <3.9q> and hyphenation patterns for 3 language(s) loaded.
(/usr/share/texlive/texmf-dist/tex/latex/base/article.cls
Document Class: article 2014/09/29 v1.4h Standard LaTeX document class
(/usr/share/texlive/texmf-dist/tex/latex/base/size10.clo
File: size10.clo 2014/09/29 v1.4h Standard LaTeX file (size option)
)
\c@part=\count79
\c@section=\count80
\c@subsection=\count81
\c@subsubsection=\count82
\c@paragraph=\count83
\c@subparagraph=\count84
\c@figure=\count85
\c@table=\count86
\abovecaptionskip=\skip41
\belowcaptionskip=\skip42
\bibindent=\dimen102
)

LaTeX Warning: Unused global option(s):
    [13pt].

(./report.aux)
\openout1 = `report.aux'.

LaTeX Font Info:    Checking defaults for OML/cmm/m/it on input line 3.
LaTeX Font Info:    ... okay on input line 3.
LaTeX Font Info:    Checking defaults for T1/cmr/m/n on input line 3.
LaTeX Font Info:    ... okay on input line 3.
LaTeX Font Info:    Checking defaults for OT1/cmr/m/n on input line 3.
LaTeX Font Info:    ... okay on input line 3.
LaTeX Font Info:    Checking defaults for OMS/cmsy/m/n on input line 3.
LaTeX Font Info:    ... okay on input line 3.
LaTeX Font Info:    Checking defaults for OMX/cmex/m/n on input line 3.
LaTeX Font Info:    ... okay on input line 3.
LaTeX Font Info:    Checking defaults for U/cmr/m/n on input line 3.
LaTeX Font Info:    ... okay on input line 3.
LaTeX Font Info:    External font `cmex10' loaded for size
(Font)              <12> on input line 9.
LaTeX Font Info:    External font `cmex10' loaded for size
(Font)              <8> on input line 9.
LaTeX Font Info:    External font `cmex10' loaded for size
(Font)              <6> on input line 9.
 [1

{/var/lib/texmf/fonts/map/pdftex/updmap/pdftex.map}]
(./report.toc
LaTeX Font Info:    External font `cmex10' loaded for size
(Font)              <7> on input line 3.
LaTeX Font Info:    External font `cmex10' loaded for size
(Font)              <5> on input line 3.
)
\tf@toc=\write3
\openout3 = `report.toc'.

 [2]
Underfull \hbox (badness 10000) in paragraph at lines 19--22

 []


Underfull \hbox (badness 10000) in paragraph at lines 29--32

 []


Underfull \hbox (badness 10000) in paragraph at lines 35--38

 []


Underfull \hbox (badness 10000) in paragraph at lines 41--46

 []


Underfull \hbox (badness 10000) in paragraph at lines 41--46

 []

[3]
Underfull \hbox (badness 10000) in paragraph at lines 48--51

 []


Underfull \hbox (badness 10000) in paragraph at lines 58--69

 []


Underfull \hbox (badness 10000) in paragraph at lines 58--69

 []


Underfull \hbox (badness 10000) in paragraph at lines 58--69

 []


Underfull \hbox (badness 10000) in paragraph at lines 58--69

 []


Underfull \hbox (badness 10000) in paragraph at lines 58--69

 []


Underfull \hbox (badness 10000) in paragraph at lines 72--75

 []

[4]
Underfull \hbox (badness 10000) in paragraph at lines 80--89

 []


Underfull \hbox (badness 10000) in paragraph at lines 80--89

 []


Underfull \hbox (badness 10000) in paragraph at lines 80--89

 []


Underfull \hbox (badness 10000) in paragraph at lines 92--101

 []


Underfull \hbox (badness 10000) in paragraph at lines 92--101

 []


Underfull \hbox (badness 10000) in paragraph at lines 92--101

 []

[5]
Underfull \hbox (badness 10000) in paragraph at lines 104--118

 []


Underfull \hbox (badness 10000) in paragraph at lines 104--118

 []


Underfull \hbox (badness 10000) in paragraph at lines 104--118

 []


Underfull \hbox (badness 10000) in paragraph at lines 104--118

 []


Underfull \hbox (badness 10000) in paragraph at lines 104--118

 []


LaTeX Warning: `!h' float specifier changed to `!ht'.

[6]
Underfull \hbox (badness 10000) in paragraph at lines 141--144

 []


Underfull \hbox (badness 10000) in paragraph at lines 147--150

 []


Underfull \hbox (badness 10000) in paragraph at lines 155--169

 []


Underfull \hbox (badness 10000) in paragraph at lines 155--169

 []

[7]
Underfull \hbox (badness 10000) in paragraph at lines 172--179

 []


Underfull \hbox (badness 10000) in paragraph at lines 172--179

 []


Underfull \hbox (badness 10000) in paragraph at lines 172--179

 []


Underfull \hbox (badness 10000) in paragraph at lines 193--196

 []

[8] [9] (./report.aux) ) 
Here is how much of TeX's memory you used:
 241 strings out of 494953
 2577 string characters out of 6180977
 53444 words of memory out of 5000000
 3597 multiletter control sequences out of 15000+600000
 8063 words of font info for 29 fonts, out of 8000000 for 9000
 14 hyphenation exceptions out of 8191
 23i,8n,18p,494b,199s stack positions out of 5000i,500n,10000p,200000b,80000s
</usr/share/texlive/texmf-dist/fonts/type1/public/amsfo
nts/cm/cmbx10.pfb></usr/share/texlive/texmf-dist/fonts/type1/public/amsfonts/cm
/cmbx12.pfb></usr/share/texlive/texmf-dist/fonts/type1/public/amsfonts/cm/cmr10
.pfb></usr/share/texlive/texmf-dist/fonts/type1/public/amsfonts/cm/cmr12.pfb></
usr/share/texlive/texmf-dist/fonts/type1/public/amsfonts/cm/cmr17.pfb></usr/sha
re/texlive/texmf-dist/fonts/type1/public/amsfonts/cm/cmtt10.pfb>
Output written on report.pdf (9 pages, 106850 bytes).
PDF statistics:
 58 PDF objects out of 1000 (max. 8388607)
 40 compressed objects within 1 object stream
 0 named destinations out of 1000 (max. 500000)
 1 words of extra memory for PDF output out of 10000 (max. 10000000)

